29-Nov-21 19:10:19 - TicTacToe - INFO - Lena is a winner
29-Nov-21 19:11:55 - TicTacToe - INFO - Lena is a winner
29-Nov-21 19:12:36 - TicTacToe - INFO - There is no winner
30-Nov-21 18:00:25 - TicTacToe - INFO - Lena is a winner
30-Nov-21 18:08:13 - TicTacToe - INFO - Lena is a winner
30-Nov-21 19:13:05 - TicTacToe - ERROR - Coordinates should be from 1 to 3!
30-Nov-21 19:13:05 - TicTacToe - ERROR - Coordinates should be from 1 to 3!
30-Nov-21 19:15:37 - TicTacToe - ERROR - Coordinates should be from 1 to 3!
30-Nov-21 19:15:59 - TicTacToe - ERROR - Coordinates should be from 1 to 3!
30-Nov-21 19:18:54 - TicTacToe - ERROR - Coordinates should be from 1 to 3!
30-Nov-21 19:19:07 - TicTacToe - INFO - Lena is a winner
30-Nov-21 19:20:29 - TicTacToe - ERROR - You should enter numbers!
30-Nov-21 19:20:39 - TicTacToe - INFO - Lena is a winner
30-Nov-21 19:21:06 - TicTacToe - INFO - Le is a winner
30-Nov-21 19:23:06 - TicTacToe - INFO - Le is a winner
30-Nov-21 19:26:29 - TicTacToe - INFO - Le is a winner
30-Nov-21 21:44:02 - TicTacToe - INFO - Lena is a winner
30-Nov-21 21:46:25 - TicTacToe - INFO - Game takes 0.0 seconds
30-Nov-21 22:04:44 - TicTacToe - INFO - Game takes 0.0 seconds
30-Nov-21 22:04:53 - TicTacToe - INFO - Game takes 0.0 seconds
30-Nov-21 22:04:55 - TicTacToe - INFO - Game takes 0.0 seconds
30-Nov-21 22:04:56 - TicTacToe - INFO - Game takes 0.0 seconds
30-Nov-21 22:04:58 - TicTacToe - INFO - Game takes 0.0 seconds
30-Nov-21 22:05:01 - TicTacToe - INFO - Game takes 0.0 seconds
30-Nov-21 22:05:03 - TicTacToe - INFO - Game takes 0.0 seconds
30-Nov-21 22:05:04 - TicTacToe - INFO - Lena is a winner
30-Nov-21 22:05:04 - TicTacToe - INFO - Game takes 0.0 seconds
30-Nov-21 22:05:32 - TicTacToe - INFO - Game takes 0.0 seconds
30-Nov-21 22:05:38 - TicTacToe - INFO - Game takes 0.0 seconds
30-Nov-21 22:05:43 - TicTacToe - INFO - Game takes 0.0 seconds
30-Nov-21 22:05:45 - TicTacToe - INFO - Game takes 0.0 seconds
30-Nov-21 22:05:52 - TicTacToe - INFO - Lena is a winner
30-Nov-21 22:05:52 - TicTacToe - INFO - Game takes 0.0010006427764892578 seconds
30-Nov-21 22:07:56 - TicTacToe - INFO - Game takes 0.0 seconds
30-Nov-21 22:08:05 - TicTacToe - INFO - Game takes 0.0 seconds
30-Nov-21 22:09:01 - TicTacToe - INFO - Game takes 0.0 seconds
30-Nov-21 22:09:03 - TicTacToe - INFO - Game takes 0.0 seconds
30-Nov-21 22:10:44 - TicTacToe - INFO - Game takes 0.0 seconds
30-Nov-21 22:10:45 - TicTacToe - INFO - Game takes 0.0 seconds
30-Nov-21 22:10:47 - TicTacToe - INFO - Game takes 0.0009629726409912109 seconds
30-Nov-21 22:10:48 - TicTacToe - INFO - Game takes 0.0009989738464355469 seconds
30-Nov-21 22:10:49 - TicTacToe - INFO - Le is a winner
30-Nov-21 22:10:49 - TicTacToe - INFO - Game takes 0.0 seconds
